生成启动时间为 2017/3/9 16:10:25。
     1>项目“C:\Users\Administrator\Desktop\2017 机电测试\2017.2.22\机电调试V14.0\机电调试V1.0\机电调试V1.0.vcxproj”在节点 2 上(build 个目标)。
     1>InitializeBuildStatus:
         正在创建“Debug\机电调试V1.0.unsuccessfulbuild”，因为已指定“AlwaysCreate”。
       ClCompile:
         所有输出均为最新。
         所有输出均为最新。
       ResourceCompile:
         C:\Program Files\Microsoft SDKs\Windows\v7.0A\bin\rc.exe /D _DEBUG /D _UNICODE /D UNICODE /D _AFXDLL /l"0x0804" /IDebug\ /nologo /fo"Debug\机电调试V1.0.res" "机电调试V1.0.rc" 
       ManifestResourceCompile:
         所有输出均为最新。
       Link:
         D:\Program Files\Microsoft Visual Studio 10.0\VC\bin\link.exe /ERRORREPORT:PROMPT /OUT:"C:\Users\Administrator\Desktop\2017 机电测试\2017.2.22\机电调试V14.0\Debug\机电调试V1.0.exe" /INCREMENTAL /NOLOGO /MANIFEST /ManifestFile:"Debug\机电调试V1.0.exe.intermediate.manifest" /MANIFESTUAC:"level='asInvoker' uiAccess='false'" /DEBUG /PDB:"C:\Users\Administrator\Desktop\2017 机电测试\2017.2.22\机电调试V14.0\Debug\机电调试V1.0.pdb" /SUBSYSTEM:WINDOWS /TLBID:1 /ENTRY:"wWinMainCRTStartup" /DYNAMICBASE /NXCOMPAT /IMPLIB:"C:\Users\Administrator\Desktop\2017 机电测试\2017.2.22\机电调试V14.0\Debug\机电调试V1.0.lib" /MACHINE:X86 "Debug\机电调试V1.0.res"
         "Debug\机电调试V1.0.exe.embed.manifest.res"
         Debug\Angle_Evalu_list.obj
         Debug\CheckChoiceDlg.obj
         Debug\Check_ProgresDlg.obj
         Debug\CopyRightDlg.obj
         "Debug\C电机Dlg.obj"
         "Debug\C角度传感器Dlg.obj"
         Debug\DataChoiceDlg.obj
         Debug\EvaluateChoiceDlg.obj
         Debug\Evalute_Angle_Seris.obj
         Debug\GotoNormalTipDlg.obj
         Debug\HelpDlg.obj
         Debug\LockedDataDlg.obj
         Debug\LockedMotorDlg.obj
         Debug\ModeChoiceDlg.obj
         Debug\MotorDataSaveDlg.obj
         Debug\mscomm1.obj
         Debug\SerialDlg.obj
         Debug\stdafx.obj
         Debug\tchart1.obj
         "Debug\机电调试V1.0.obj"
         "Debug\机电调试V1.0Dlg.obj"
       Manifest:
         C:\Program Files\Microsoft SDKs\Windows\v7.0A\bin\mt.exe /nologo /verbose /out:"Debug\机电调试V1.0.exe.embed.manifest" /manifest "Debug\机电调试V1.0.exe.intermediate.manifest" "D:\Program Files\Microsoft Visual Studio 10.0\VC\Include\Manifest\dpiaware.manifest"
         所有输出均为最新。
       LinkEmbedManifest:
         所有输出均为最新。
         机电调试V1.0.vcxproj -> C:\Users\Administrator\Desktop\2017 机电测试\2017.2.22\机电调试V14.0\Debug\机电调试V1.0.exe
       FinalizeBuildStatus:
         正在删除文件“Debug\机电调试V1.0.unsuccessfulbuild”。
         正在对“Debug\机电调试V1.0.lastbuildstate”执行 Touch 任务。
     1>已完成生成项目“C:\Users\Administrator\Desktop\2017 机电测试\2017.2.22\机电调试V14.0\机电调试V1.0\机电调试V1.0.vcxproj”(build 个目标)的操作。

生成成功。

已用时间 00:00:01.61
