C:\USERS\ADMINISTRATOR\DESKTOP\2017 机电测试\2017.2.22\机电调试V14.0\DEBUG\机电调试V1.0.EXE
C:\USERS\ADMINISTRATOR\DESKTOP\2017 机电测试\2017.2.22\机电调试V14.0\DEBUG\机电调试V1.0.ILK
C:\USERS\ADMINISTRATOR\DESKTOP\2017 机电测试\2017.2.22\机电调试V14.0\DEBUG\机电调试V1.0.PDB
C:\USERS\ADMINISTRATOR\DESKTOP\2017 机电测试\2017.2.22\机电调试V14.0\机电调试V1.0\DEBUG\ANGLE_EVALU_LIST.OBJ
C:\USERS\ADMINISTRATOR\DESKTOP\2017 机电测试\2017.2.22\机电调试V14.0\机电调试V1.0\DEBUG\CHECK_PROGRESDLG.OBJ
C:\USERS\ADMINISTRATOR\DESKTOP\2017 机电测试\2017.2.22\机电调试V14.0\机电调试V1.0\DEBUG\CHECKCHOICEDLG.OBJ
C:\Users\Administrator\Desktop\2017 机电测试\2017.2.22\机电调试V14.0\机电调试V1.0\Debug\cl.command.1.tlog
C:\Users\Administrator\Desktop\2017 机电测试\2017.2.22\机电调试V14.0\机电调试V1.0\Debug\CL.read.1.tlog
C:\Users\Administrator\Desktop\2017 机电测试\2017.2.22\机电调试V14.0\机电调试V1.0\Debug\CL.write.1.tlog
C:\USERS\ADMINISTRATOR\DESKTOP\2017 机电测试\2017.2.22\机电调试V14.0\机电调试V1.0\DEBUG\COPYRIGHTDLG.OBJ
C:\USERS\ADMINISTRATOR\DESKTOP\2017 机电测试\2017.2.22\机电调试V14.0\机电调试V1.0\DEBUG\C电机DLG.OBJ
C:\USERS\ADMINISTRATOR\DESKTOP\2017 机电测试\2017.2.22\机电调试V14.0\机电调试V1.0\DEBUG\C角度传感器DLG.OBJ
C:\USERS\ADMINISTRATOR\DESKTOP\2017 机电测试\2017.2.22\机电调试V14.0\机电调试V1.0\DEBUG\DATACHOICEDLG.OBJ
C:\USERS\ADMINISTRATOR\DESKTOP\2017 机电测试\2017.2.22\机电调试V14.0\机电调试V1.0\DEBUG\EVALUATECHOICEDLG.OBJ
C:\USERS\ADMINISTRATOR\DESKTOP\2017 机电测试\2017.2.22\机电调试V14.0\机电调试V1.0\DEBUG\EVALUTE_ANGLE_SERIS.OBJ
C:\USERS\ADMINISTRATOR\DESKTOP\2017 机电测试\2017.2.22\机电调试V14.0\机电调试V1.0\DEBUG\GOTONORMALTIPDLG.OBJ
C:\USERS\ADMINISTRATOR\DESKTOP\2017 机电测试\2017.2.22\机电调试V14.0\机电调试V1.0\DEBUG\HELPDLG.OBJ
C:\Users\Administrator\Desktop\2017 机电测试\2017.2.22\机电调试V14.0\机电调试V1.0\Debug\link.5624.read.1.tlog
C:\Users\Administrator\Desktop\2017 机电测试\2017.2.22\机电调试V14.0\机电调试V1.0\Debug\link.5624.write.1.tlog
C:\Users\Administrator\Desktop\2017 机电测试\2017.2.22\机电调试V14.0\机电调试V1.0\Debug\link.5624-cvtres.read.1.tlog
C:\Users\Administrator\Desktop\2017 机电测试\2017.2.22\机电调试V14.0\机电调试V1.0\Debug\link.5624-cvtres.write.1.tlog
C:\Users\Administrator\Desktop\2017 机电测试\2017.2.22\机电调试V14.0\机电调试V1.0\Debug\link.command.1.tlog
C:\Users\Administrator\Desktop\2017 机电测试\2017.2.22\机电调试V14.0\机电调试V1.0\Debug\link.read.1.tlog
C:\Users\Administrator\Desktop\2017 机电测试\2017.2.22\机电调试V14.0\机电调试V1.0\Debug\link.write.1.tlog
C:\Users\Administrator\Desktop\2017 机电测试\2017.2.22\机电调试V14.0\机电调试V1.0\Debug\link-cvtres.read.1.tlog
C:\Users\Administrator\Desktop\2017 机电测试\2017.2.22\机电调试V14.0\机电调试V1.0\Debug\link-cvtres.write.1.tlog
C:\USERS\ADMINISTRATOR\DESKTOP\2017 机电测试\2017.2.22\机电调试V14.0\机电调试V1.0\DEBUG\LOCKEDDATADLG.OBJ
C:\USERS\ADMINISTRATOR\DESKTOP\2017 机电测试\2017.2.22\机电调试V14.0\机电调试V1.0\DEBUG\LOCKEDMOTORDLG.OBJ
C:\USERS\ADMINISTRATOR\DESKTOP\2017 机电测试\2017.2.22\机电调试V14.0\机电调试V1.0\DEBUG\MODECHOICEDLG.OBJ
C:\USERS\ADMINISTRATOR\DESKTOP\2017 机电测试\2017.2.22\机电调试V14.0\机电调试V1.0\DEBUG\MOTORDATASAVEDLG.OBJ
C:\USERS\ADMINISTRATOR\DESKTOP\2017 机电测试\2017.2.22\机电调试V14.0\机电调试V1.0\DEBUG\MSCOMM1.OBJ
C:\Users\Administrator\Desktop\2017 机电测试\2017.2.22\机电调试V14.0\机电调试V1.0\Debug\mt.command.1.tlog
C:\Users\Administrator\Desktop\2017 机电测试\2017.2.22\机电调试V14.0\机电调试V1.0\Debug\mt.read.1.tlog
C:\Users\Administrator\Desktop\2017 机电测试\2017.2.22\机电调试V14.0\机电调试V1.0\Debug\mt.write.1.tlog
C:\Users\Administrator\Desktop\2017 机电测试\2017.2.22\机电调试V14.0\机电调试V1.0\Debug\rc.command.1.tlog
C:\Users\Administrator\Desktop\2017 机电测试\2017.2.22\机电调试V14.0\机电调试V1.0\Debug\rc.read.1.tlog
C:\Users\Administrator\Desktop\2017 机电测试\2017.2.22\机电调试V14.0\机电调试V1.0\Debug\rc.write.1.tlog
C:\USERS\ADMINISTRATOR\DESKTOP\2017 机电测试\2017.2.22\机电调试V14.0\机电调试V1.0\DEBUG\SERIALDLG.OBJ
C:\USERS\ADMINISTRATOR\DESKTOP\2017 机电测试\2017.2.22\机电调试V14.0\机电调试V1.0\DEBUG\STDAFX.OBJ
C:\USERS\ADMINISTRATOR\DESKTOP\2017 机电测试\2017.2.22\机电调试V14.0\机电调试V1.0\DEBUG\TCHART1.OBJ
C:\Users\Administrator\Desktop\2017 机电测试\2017.2.22\机电调试V14.0\机电调试V1.0\Debug\vc100.idb
C:\USERS\ADMINISTRATOR\DESKTOP\2017 机电测试\2017.2.22\机电调试V14.0\机电调试V1.0\DEBUG\VC100.PDB
C:\Users\Administrator\Desktop\2017 机电测试\2017.2.22\机电调试V14.0\机电调试V1.0\Debug\机电调试V1.0.exe.embed.manifest
C:\USERS\ADMINISTRATOR\DESKTOP\2017 机电测试\2017.2.22\机电调试V14.0\机电调试V1.0\DEBUG\机电调试V1.0.EXE.EMBED.MANIFEST.RES
C:\USERS\ADMINISTRATOR\DESKTOP\2017 机电测试\2017.2.22\机电调试V14.0\机电调试V1.0\DEBUG\机电调试V1.0.EXE.INTERMEDIATE.MANIFEST
C:\USERS\ADMINISTRATOR\DESKTOP\2017 机电测试\2017.2.22\机电调试V14.0\机电调试V1.0\DEBUG\机电调试V1.0.OBJ
C:\USERS\ADMINISTRATOR\DESKTOP\2017 机电测试\2017.2.22\机电调试V14.0\机电调试V1.0\DEBUG\机电调试V1.0.PCH
C:\USERS\ADMINISTRATOR\DESKTOP\2017 机电测试\2017.2.22\机电调试V14.0\机电调试V1.0\DEBUG\机电调试V1.0.RES
C:\Users\Administrator\Desktop\2017 机电测试\2017.2.22\机电调试V14.0\机电调试V1.0\Debug\机电调试V1.0_manifest.rc
C:\USERS\ADMINISTRATOR\DESKTOP\2017 机电测试\2017.2.22\机电调试V14.0\机电调试V1.0\DEBUG\机电调试V1.0DLG.OBJ
C:\USERS\ADMINISTRATOR\DESKTOP\2017.2.19\机电调试V14.0\DEBUG\机电调试V1.0.EXE
C:\USERS\ADMINISTRATOR\DESKTOP\2017.2.19\机电调试V14.0\DEBUG\机电调试V1.0.ILK
C:\USERS\ADMINISTRATOR\DESKTOP\2017.2.19\机电调试V14.0\DEBUG\机电调试V1.0.PDB
C:\USERS\ADMINISTRATOR\DESKTOP\2017.2.19\机电调试V14.0\机电调试V1.0\DEBUG\ANGLE_EVALU_LIST.OBJ
C:\USERS\ADMINISTRATOR\DESKTOP\2017.2.19\机电调试V14.0\机电调试V1.0\DEBUG\CHECK_PROGRESDLG.OBJ
C:\USERS\ADMINISTRATOR\DESKTOP\2017.2.19\机电调试V14.0\机电调试V1.0\DEBUG\CHECKCHOICEDLG.OBJ
C:\USERS\ADMINISTRATOR\DESKTOP\2017.2.19\机电调试V14.0\机电调试V1.0\DEBUG\COPYRIGHTDLG.OBJ
C:\USERS\ADMINISTRATOR\DESKTOP\2017.2.19\机电调试V14.0\机电调试V1.0\DEBUG\C电机DLG.OBJ
C:\USERS\ADMINISTRATOR\DESKTOP\2017.2.19\机电调试V14.0\机电调试V1.0\DEBUG\C角度传感器DLG.OBJ
C:\USERS\ADMINISTRATOR\DESKTOP\2017.2.19\机电调试V14.0\机电调试V1.0\DEBUG\DATACHOICEDLG.OBJ
C:\USERS\ADMINISTRATOR\DESKTOP\2017.2.19\机电调试V14.0\机电调试V1.0\DEBUG\EVALUATECHOICEDLG.OBJ
C:\USERS\ADMINISTRATOR\DESKTOP\2017.2.19\机电调试V14.0\机电调试V1.0\DEBUG\GOTONORMALTIPDLG.OBJ
C:\USERS\ADMINISTRATOR\DESKTOP\2017.2.19\机电调试V14.0\机电调试V1.0\DEBUG\HELPDLG.OBJ
C:\USERS\ADMINISTRATOR\DESKTOP\2017.2.19\机电调试V14.0\机电调试V1.0\DEBUG\LOCKEDDATADLG.OBJ
C:\USERS\ADMINISTRATOR\DESKTOP\2017.2.19\机电调试V14.0\机电调试V1.0\DEBUG\LOCKEDMOTORDLG.OBJ
C:\USERS\ADMINISTRATOR\DESKTOP\2017.2.19\机电调试V14.0\机电调试V1.0\DEBUG\MODECHOICEDLG.OBJ
C:\USERS\ADMINISTRATOR\DESKTOP\2017.2.19\机电调试V14.0\机电调试V1.0\DEBUG\MOTORDATASAVEDLG.OBJ
C:\USERS\ADMINISTRATOR\DESKTOP\2017.2.19\机电调试V14.0\机电调试V1.0\DEBUG\MSCOMM1.OBJ
C:\USERS\ADMINISTRATOR\DESKTOP\2017.2.19\机电调试V14.0\机电调试V1.0\DEBUG\SERIALDLG.OBJ
C:\USERS\ADMINISTRATOR\DESKTOP\2017.2.19\机电调试V14.0\机电调试V1.0\DEBUG\STDAFX.OBJ
C:\USERS\ADMINISTRATOR\DESKTOP\2017.2.19\机电调试V14.0\机电调试V1.0\DEBUG\TCHART1.OBJ
C:\USERS\ADMINISTRATOR\DESKTOP\2017.2.19\机电调试V14.0\机电调试V1.0\DEBUG\VC100.PDB
C:\USERS\ADMINISTRATOR\DESKTOP\2017.2.19\机电调试V14.0\机电调试V1.0\DEBUG\机电调试V1.0.EXE.EMBED.MANIFEST
C:\USERS\ADMINISTRATOR\DESKTOP\2017.2.19\机电调试V14.0\机电调试V1.0\DEBUG\机电调试V1.0.EXE.EMBED.MANIFEST.RES
C:\USERS\ADMINISTRATOR\DESKTOP\2017.2.19\机电调试V14.0\机电调试V1.0\DEBUG\机电调试V1.0.EXE.INTERMEDIATE.MANIFEST
C:\USERS\ADMINISTRATOR\DESKTOP\2017.2.19\机电调试V14.0\机电调试V1.0\DEBUG\机电调试V1.0.OBJ
C:\USERS\ADMINISTRATOR\DESKTOP\2017.2.19\机电调试V14.0\机电调试V1.0\DEBUG\机电调试V1.0.PCH
C:\USERS\ADMINISTRATOR\DESKTOP\2017.2.19\机电调试V14.0\机电调试V1.0\DEBUG\机电调试V1.0.RES
C:\USERS\ADMINISTRATOR\DESKTOP\2017.2.19\机电调试V14.0\机电调试V1.0\DEBUG\机电调试V1.0DLG.OBJ
